<?xml version="1.0" encoding="UTF-8"?>
<!-- Generated by org.testng.reporters.JUnitXMLReporter -->
<testsuite ignored="3" hostname="DESKTOP-J1CFD8O" failures="0" tests="1" name="Default test" time="24.201" errors="0" timestamp="2024-12-08T19:47:33 IST">
  <testcase classname="test.NaaptolHomeTest" name="VerifySortFeature" time="6.319"/>
  <testcase classname="test.NaaptolHomeTest" name="verifyProductDetailsInNewTab" time="0.0">
    <ignored/>
  </testcase> <!-- verifyProductDetailsInNewTab -->
  <testcase classname="test.NaaptolHomeTest" name="VerifyOnClickingShoppingCategories" time="0.0">
    <ignored/>
  </testcase> <!-- VerifyOnClickingShoppingCategories -->
  <testcase classname="test.NaaptolHomeTest" name="VerifyProductDetailsInQuickView" time="0.0">
    <ignored/>
  </testcase> <!-- VerifyProductDetailsInQuickView -->
</testsuite> <!-- Default test -->
