<?xml version="1.0" encoding="UTF-8"?>
<!-- Generated by org.testng.reporters.JUnitXMLReporter -->
<testsuite ignored="3" hostname="DESKTOP-J1CFD8O" failures="0" tests="1" name="Default test" time="16.208" errors="0" timestamp="2024-12-22T17:43:54 IST">
  <testcase classname="test.NaaptolHomeTest" name="verifyProductDetailsInNewTab" time="4.96"/>
  <testcase classname="test.NaaptolHomeTest" name="verifyOnClickingShoppingCategories" time="0.0">
    <ignored/>
  </testcase> <!-- verifyOnClickingShoppingCategories -->
  <testcase classname="test.NaaptolHomeTest" name="verifyProductDetailsInQuickView" time="0.0">
    <ignored/>
  </testcase> <!-- verifyProductDetailsInQuickView -->
  <testcase classname="test.NaaptolHomeTest" name="verifySortFeature" time="0.0">
    <ignored/>
  </testcase> <!-- verifySortFeature -->
</testsuite> <!-- Default test -->
