<?xml version="1.0" encoding="UTF-8"?>
<!-- Generated by org.testng.reporters.JUnitXMLReporter -->
<testsuite ignored="0" hostname="DESKTOP-J1CFD8O" failures="0" tests="12" name="ChromeTest" time="374.743" errors="0" timestamp="2024-12-08T18:43:25 IST">
  <testcase classname="test.NaaptolSearchTest" name="VerifyIfUserIsAbleToPerformValidSearch" time="11.663"/>
  <testcase classname="test.NaaptolSearchTest" name="VerifyIfUserIsAbleToPerformInValidSearch" time="8.814"/>
  <testcase classname="test.ProductDetailTest" name="VerifyAddToCartUsingProductDetailPage" time="8.547"/>
  <testcase classname="test.NaaptolHomeTest" name="VerifyOnClickingShoppingCategories" time="2.176"/>
  <testcase classname="test.NaaptolHomeTest" name="VerifyProductDetailsInQuickView" time="6.203"/>
  <testcase classname="test.NaaptolHomeTest" name="verifyProductDetailsInNewTab" time="10.027"/>
  <testcase classname="test.NaaptolHomeTest" name="VerifySortFeature" time="10.316"/>
  <testcase classname="test.NaaptolCartTest" name="VerifyAddProductToCartUsingQuickView" time="8.379"/>
  <testcase classname="test.NaaptolCartTest" name="VerifyAddingMultipleProductToCart" time="21.193"/>
  <testcase classname="test.NaaptolCartTest" name="VerifyRemovingProductFromProduct" time="25.898"/>
  <testcase classname="test.NaaptolCartTest" name="VerifyOnChangingProductQuantityCorrectAmountIsDisplayed" time="25.729"/>
  <testcase classname="test.NaaptolCartTest" name="VerifyTotalAmountForMultipleProductInCart" time="32.179"/>
</testsuite> <!-- ChromeTest -->
