<?xml version="1.0" encoding="UTF-8"?>
<!-- Generated by org.testng.reporters.JUnitXMLReporter -->
<testsuite ignored="0" hostname="DESKTOP-J1CFD8O" failures="0" tests="4" name="EdgeTest" time="89.993" errors="0" timestamp="2024-12-07T22:57:43 IST">
  <testcase classname="test.NaaptolHomeTest" name="VerifyOnClickingShoppingCategories" time="0.48"/>
  <testcase classname="test.NaaptolHomeTest" name="VerifyProductDetailsInQuickView" time="6.254"/>
  <testcase classname="test.NaaptolHomeTest" name="verifyProductDetailsInNewTab" time="12.022"/>
  <testcase classname="test.NaaptolHomeTest" name="VerifySortFeature" time="8.806"/>
</testsuite> <!-- EdgeTest -->
