<?xml version="1.0" encoding="UTF-8"?>
<!-- Generated by org.testng.reporters.JUnitXMLReporter -->
<testsuite ignored="0" hostname="DESKTOP-J1CFD8O" failures="0" tests="4" name="FirefoxTest" time="125.516" errors="0" timestamp="2024-12-07T22:59:50 IST">
  <testcase classname="test.NaaptolHomeTest" name="VerifyOnClickingShoppingCategories" time="0.573"/>
  <testcase classname="test.NaaptolHomeTest" name="VerifyProductDetailsInQuickView" time="7.523"/>
  <testcase classname="test.NaaptolHomeTest" name="verifyProductDetailsInNewTab" time="6.598"/>
  <testcase classname="test.NaaptolHomeTest" name="VerifySortFeature" time="16.942"/>
</testsuite> <!-- FirefoxTest -->
