<?xml version="1.0" encoding="UTF-8"?>
<testng-results ignored="0" total="1" passed="1" failed="0" skipped="0">
  <reporter-output>
  </reporter-output>
  <suite started-at="2024-12-21T09:39:04 IST" name="Default suite" finished-at="2024-12-21T09:40:05 IST" duration-ms="61056">
    <groups>
    </groups>
    <test started-at="2024-12-21T09:39:04 IST" name="Default test" finished-at="2024-12-21T09:40:05 IST" duration-ms="61056">
      <class name="test.NaaptolHomeTest">
        <test-method is-config="true" signature="LaunchApplication()[pri:0, instance:test.NaaptolHomeTest@5542c4ed]" started-at="2024-12-21T09:39:06 IST" name="LaunchApplication" finished-at="2024-12-21T09:40:04 IST" duration-ms="58088" status="PASS">
          <reporter-output>
          </reporter-output>
        </test-method> <!-- LaunchApplication -->
        <test-method signature="verifyOnClickingShoppingCategories()[pri:1, instance:test.NaaptolHomeTest@5542c4ed]" started-at="2024-12-21T09:40:04 IST" name="verifyOnClickingShoppingCategories" finished-at="2024-12-21T09:40:05 IST" duration-ms="1596" status="PASS">
          <reporter-output>
          </reporter-output>
        </test-method> <!-- verifyOnClickingShoppingCategories -->
      </class> <!-- test.NaaptolHomeTest -->
    </test> <!-- Default test -->
  </suite> <!-- Default suite -->
</testng-results>
