<?xml version="1.0" encoding="UTF-8"?>
<testng-results ignored="0" total="1" passed="1" failed="0" skipped="0">
  <reporter-output>
  </reporter-output>
  <suite started-at="2024-12-22T21:02:29 IST" name="Default suite" finished-at="2024-12-22T21:02:44 IST" duration-ms="15179">
    <groups>
    </groups>
    <test started-at="2024-12-22T21:02:29 IST" name="Default test" finished-at="2024-12-22T21:02:44 IST" duration-ms="15179">
      <class name="test.ProductDetailTest">
        <test-method is-config="true" signature="launchApplication()[pri:0, instance:test.ProductDetailTest@4c12331b]" started-at="2024-12-22T21:02:30 IST" name="launchApplication" finished-at="2024-12-22T21:02:39 IST" duration-ms="9669" status="PASS">
          <reporter-output>
          </reporter-output>
        </test-method> <!-- launchApplication -->
        <test-method signature="verifyAddToCartUsingProductDetailPage()[pri:1, instance:test.ProductDetailTest@4c12331b]" started-at="2024-12-22T21:02:39 IST" name="verifyAddToCartUsingProductDetailPage" finished-at="2024-12-22T21:02:44 IST" duration-ms="4952" status="PASS">
          <reporter-output>
          </reporter-output>
        </test-method> <!-- verifyAddToCartUsingProductDetailPage -->
      </class> <!-- test.ProductDetailTest -->
    </test> <!-- Default test -->
  </suite> <!-- Default suite -->
</testng-results>
